<?xml version="1.0" encoding="UTF-8"?>
<!-- Generated by org.testng.reporters.JUnitXMLReporter -->
<testsuite ignored="0" hostname="LAPTOP-P9PJBISD" failures="0" tests="3" name="Default test" time="0.1" errors="0" timestamp="2022-10-18T15:40:09 EDT">
  <testcase classname="excelDataProvider.dataDriven.dataProvide" name="testcaseData" time="0.013"/>
  <testcase classname="excelDataProvider.dataDriven.dataProvide" name="testcaseData" time="0.002"/>
  <testcase classname="excelDataProvider.dataDriven.dataProvide" name="testcaseData" time="0.002"/>
</testsuite> <!-- Default test -->
