<?xml version="1.0" encoding="UTF-8"?>
<testng-results ignored="0" total="3" passed="3" failed="0" skipped="0">
  <reporter-output>
  </reporter-output>
  <suite started-at="2022-10-18T15:40:09 EDT" name="Default suite" finished-at="2022-10-18T15:40:09 EDT" duration-ms="100">
    <groups>
    </groups>
    <test started-at="2022-10-18T15:40:09 EDT" name="Default test" finished-at="2022-10-18T15:40:09 EDT" duration-ms="100">
      <class name="excelDataProvider.dataDriven.dataProvide">
        <test-method signature="testcaseData(java.lang.String, java.lang.String, int)[pri:0, instance:excelDataProvider.dataDriven.dataProvide@57250572]" started-at="2022-10-18T15:40:09 EDT" name="testcaseData" data-provider="driveTest" finished-at="2022-10-18T15:40:09 EDT" duration-ms="13" status="PASS">
          <params>
            <param index="0">
              <value>
                <![CDATA[hello]]>
              </value>
            </param>
            <param index="1">
              <value>
                <![CDATA[test]]>
              </value>
            </param>
            <param index="2">
              <value>
                <![CDATA[1]]>
              </value>
            </param>
          </params>
          <reporter-output>
          </reporter-output>
        </test-method> <!-- testcaseData -->
        <test-method signature="testcaseData(java.lang.String, java.lang.String, int)[pri:0, instance:excelDataProvider.dataDriven.dataProvide@57250572]" started-at="2022-10-18T15:40:09 EDT" name="testcaseData" data-provider="driveTest" finished-at="2022-10-18T15:40:09 EDT" duration-ms="2" status="PASS">
          <params>
            <param index="0">
              <value>
                <![CDATA[bye]]>
              </value>
            </param>
            <param index="1">
              <value>
                <![CDATA[message]]>
              </value>
            </param>
            <param index="2">
              <value>
                <![CDATA[143]]>
              </value>
            </param>
          </params>
          <reporter-output>
          </reporter-output>
        </test-method> <!-- testcaseData -->
        <test-method signature="testcaseData(java.lang.String, java.lang.String, int)[pri:0, instance:excelDataProvider.dataDriven.dataProvide@57250572]" started-at="2022-10-18T15:40:09 EDT" name="testcaseData" data-provider="driveTest" finished-at="2022-10-18T15:40:09 EDT" duration-ms="2" status="PASS">
          <params>
            <param index="0">
              <value>
                <![CDATA[solo]]>
              </value>
            </param>
            <param index="1">
              <value>
                <![CDATA[call]]>
              </value>
            </param>
            <param index="2">
              <value>
                <![CDATA[453]]>
              </value>
            </param>
          </params>
          <reporter-output>
          </reporter-output>
        </test-method> <!-- testcaseData -->
      </class> <!-- excelDataProvider.dataDriven.dataProvide -->
    </test> <!-- Default test -->
  </suite> <!-- Default suite -->
</testng-results>
